info t=2017-05-05T21:11:15.853Z Cinnamon.AppSystem.get_default() started in 224 ms
info t=2017-05-05T21:11:15.870Z loading user theme: /usr/share/themes/Linux Mint/cinnamon/cinnamon.css
info t=2017-05-05T21:11:15.905Z added icon directory: /usr/share/themes/Linux Mint/cinnamon
info t=2017-05-05T21:11:16.154Z PlacesManager: Updating devices
info t=2017-05-05T21:11:16.289Z loaded at Fri May 05 2017 18:11:16 GMT-0300 (BRT)
info t=2017-05-05T21:11:16.332Z Installing settings for menu@cinnamon.org
info t=2017-05-05T21:11:16.333Z Settings successfully installed for menu@cinnamon.org
info t=2017-05-05T21:11:17.337Z Loaded applet menu@cinnamon.org in 1038 ms
info t=2017-05-05T21:11:17.349Z Installing settings for show-desktop@cinnamon.org
info t=2017-05-05T21:11:17.349Z Settings successfully installed for show-desktop@cinnamon.org
info t=2017-05-05T21:11:17.357Z Loaded applet show-desktop@cinnamon.org in 17 ms
info t=2017-05-05T21:11:17.371Z Installing settings for panel-launchers@cinnamon.org
info t=2017-05-05T21:11:17.372Z Settings successfully installed for panel-launchers@cinnamon.org
info t=2017-05-05T21:11:17.449Z Role locked: panellauncher
info t=2017-05-05T21:11:17.450Z Loaded applet panel-launchers@cinnamon.org in 88 ms
info t=2017-05-05T21:11:17.466Z Installing settings for window-list@cinnamon.org
info t=2017-05-05T21:11:17.466Z Settings successfully installed for window-list@cinnamon.org
info t=2017-05-05T21:11:17.476Z Loaded applet window-list@cinnamon.org in 23 ms
info t=2017-05-05T21:11:17.490Z Installing settings for notifications@cinnamon.org
info t=2017-05-05T21:11:17.490Z Settings successfully installed for notifications@cinnamon.org
info t=2017-05-05T21:11:17.497Z Role locked: notifications
info t=2017-05-05T21:11:17.505Z Loaded applet notifications@cinnamon.org in 26 ms
info t=2017-05-05T21:11:17.523Z Installing settings for user@cinnamon.org
info t=2017-05-05T21:11:17.523Z Settings successfully installed for user@cinnamon.org
info t=2017-05-05T21:11:17.548Z Loaded applet user@cinnamon.org in 40 ms
info t=2017-05-05T21:11:17.567Z Loaded applet removable-drives@cinnamon.org in 16 ms
info t=2017-05-05T21:11:17.605Z Loaded applet keyboard@cinnamon.org in 35 ms
info t=2017-05-05T21:11:17.717Z Loaded applet network@cinnamon.org in 106 ms
info t=2017-05-05T21:11:17.745Z Installing settings for sound@cinnamon.org
info t=2017-05-05T21:11:17.745Z Settings successfully installed for sound@cinnamon.org
info t=2017-05-05T21:11:17.823Z Loaded applet sound@cinnamon.org in 102 ms
info t=2017-05-05T21:11:17.838Z Installing settings for power@cinnamon.org
info t=2017-05-05T21:11:17.839Z Settings successfully installed for power@cinnamon.org
info t=2017-05-05T21:11:17.864Z Loaded applet power@cinnamon.org in 38 ms
info t=2017-05-05T21:11:17.883Z Loaded applet systray@cinnamon.org in 16 ms
info t=2017-05-05T21:11:17.901Z Installing settings for calendar@cinnamon.org
info t=2017-05-05T21:11:17.901Z Settings successfully installed for calendar@cinnamon.org
info t=2017-05-05T21:11:17.925Z Loaded applet calendar@cinnamon.org in 37 ms
info t=2017-05-05T21:11:17.942Z Loaded applet windows-quick-list@cinnamon.org in 14 ms
info t=2017-05-05T21:11:17.943Z AppletManager.init() started in 1652 ms
info t=2017-05-05T21:11:17.949Z Cinnamon took 2335 ms to start
info t=2017-05-05T21:11:18.536Z loading user theme: /usr/share/themes/Linux Mint/cinnamon/cinnamon.css
info t=2017-05-05T21:11:18.610Z added icon directory: /usr/share/themes/Linux Mint/cinnamon
info t=2017-05-05T21:11:19.963Z Hiding systray: network
info t=2017-05-05T21:11:34.900Z Adding systray: mintupdate.py (24x24px)
info t=2017-05-05T21:22:49.902Z GDBus.Error:org.freedesktop.DBus.Error.ServiceUnknown: The name org.cinnamon.SettingsDaemon was not provided by any .service files
trace t=2017-05-05T21:22:49.903Z 
<----------------
_proxyInvoker/asyncCallback@resource:///org/gnome/gjs/modules/overrides/Gio.js:83
---------------->
